  main.cpp
C:\Users\PC\Desktop\Basic-Cpp-Algorithms\Matrix3D\Matrice3D\Matrice3D\matrix3D.h(319,33): warning C4018: '<': errata corrispondenza tra signed e unsigned
C:\Users\PC\Desktop\Basic-Cpp-Algorithms\Matrix3D\Matrice3D\Matrice3D\matrix3D.h(308): message : durante la compilazione della funzione membro 'bool matrix3D<double,eql_default<T>>::operator ==(matrix3D<T,eql_default<T>> &) const' di modello classe
          with
          [
              T=double
          ]
C:\Users\PC\Desktop\Basic-Cpp-Algorithms\Matrix3D\Matrice3D\Matrice3D\main.cpp(79): message : vedere il riferimento all'istanza 'bool matrix3D<double,eql_default<T>>::operator ==(matrix3D<T,eql_default<T>> &) const' della funzione modello di cui è in corso la compilazione
          with
          [
              T=double
          ]
C:\Users\PC\Desktop\Basic-Cpp-Algorithms\Matrix3D\Matrice3D\Matrice3D\main.cpp(18): message : vedere il riferimento all'istanza 'matrix3D<double,eql_default<T>>' di modello classe di cui è in corso la compilazione
          with
          [
              T=double
          ]
C:\Users\PC\Desktop\Basic-Cpp-Algorithms\Matrix3D\Matrice3D\Matrice3D\matrix3D.h(321,37): warning C4018: '<': errata corrispondenza tra signed e unsigned
C:\Users\PC\Desktop\Basic-Cpp-Algorithms\Matrix3D\Matrice3D\Matrice3D\matrix3D.h(323,41): warning C4018: '<': errata corrispondenza tra signed e unsigned
  Matrice3D.vcxproj -> C:\Users\PC\Desktop\Basic-Cpp-Algorithms\Matrix3D\Matrice3D\x64\Debug\Matrice3D.exe
